<?xml version="1.0" encoding="UTF-8"?>
<!-- Generated by org.testng.reporters.JUnitReportReporter -->
<testsuite name="org.test.Demo1" tests="1" time="0.017" ignored="0" failures="0" timestamp="03 Apr 2021 03:21:41 GMT" skipped="0" hostname="DESKTOP-GRQUEF3" errors="0">
  <testcase name="test1" time="0.017" classname="org.test.Demo1"/>
</testsuite> <!-- org.test.Demo1 -->
